<?xml version="1.0" encoding="UTF-8"?>
<!-- Generated by org.testng.reporters.JUnitReportReporter -->
<testsuite hostname="LIN76000993" failures="0" tests="2" name="Pagefactory_XYZBanking.TestMethods_TC_01andTC_02" time="5.013" errors="0" timestamp="2024-04-08T12:45:50 IST" skipped="1">
  <testcase classname="Pagefactory_XYZBanking.TestMethods_TC_01andTC_02" name="CustomerLogin" time="5.013"/>
  <system-out/>
  <testcase classname="Pagefactory_XYZBanking.TestMethods_TC_01andTC_02" name="BankmanagerLogin">
    <skipped/>
  </testcase> <!-- BankmanagerLogin -->
  <system-out/>
</testsuite> <!-- Pagefactory_XYZBanking.TestMethods_TC_01andTC_02 -->
