<?xml version="1.0" encoding="UTF-8"?>
<!-- Generated by org.testng.reporters.JUnitReportReporter -->
<testsuite hostname="LIN76000993" failures="0" tests="1" name="TestMethods.DeleteTest1" time="14.241" errors="0" timestamp="2024-02-26T09:50:37 IST" skipped="0">
  <testcase classname="TestMethods.DeleteTest1" name="testcase1" time="14.241"/>
  <system-out/>
</testsuite> <!-- TestMethods.DeleteTest1 -->
