<?xml version="1.0" encoding="UTF-8"?>
<!-- Generated by org.testng.reporters.JUnitReportReporter -->
<testsuite hostname="LIN76000993" failures="0" tests="1" name="TestMethods.DepositReset_Test2" time="11.944" errors="0" timestamp="2024-02-26T09:45:21 IST" skipped="0">
  <testcase classname="TestMethods.DepositReset_Test2" name="testcase2" time="11.944"/>
  <system-out/>
</testsuite> <!-- TestMethods.DepositReset_Test2 -->
